d:\projects\tyrexcad\tyrexcad.dir\debug\vc143.pdb
d:\projects\tyrexcad\tyrexcad.dir\debug\tyrexselectionfilter.obj
d:\projects\tyrexcad\tyrexcad.dir\debug\tyrexlayerbasedfilter.obj
d:\projects\tyrexcad\tyrexcad.dir\debug\tyrexinteractionmanager.obj
d:\projects\tyrexcad\tyrexcad.dir\debug\tyrexlineentity.obj
d:\projects\tyrexcad\tyrexcad.dir\debug\tyrexentity.obj
d:\projects\tyrexcad\tyrexcad.dir\debug\tyrexcircleentity.obj
d:\projects\tyrexcad\tyrexcad.dir\debug\tyrexdrawingdatabase.obj
d:\projects\tyrexcad\tyrexcad.dir\debug\tyrexlinecommand.obj
d:\projects\tyrexcad\tyrexcad.dir\debug\tyrexinitializer.obj
d:\projects\tyrexcad\tyrexcad.dir\debug\tyrexentitymanager.obj
d:\projects\tyrexcad\tyrexcad.dir\debug\tyrexcommandmanager.obj
d:\projects\tyrexcad\tyrexcad.dir\debug\tyrexapplication.obj
d:\projects\tyrexcad\tyrexcad.dir\debug\linecommand.obj
d:\projects\tyrexcad\tyrexcad.dir\debug\tyrexviewwidget.obj
d:\projects\tyrexcad\tyrexcad.dir\debug\tyrexmodelspace.obj
d:\projects\tyrexcad\tyrexcad.dir\debug\tyrexgridconfig.obj
d:\projects\tyrexcad\tyrexcad.dir\debug\tyrexcanvaswidget.obj
d:\projects\tyrexcad\tyrexcad.dir\debug\tyrexcanvasoverlay.obj
d:\projects\tyrexcad\tyrexcad.dir\debug\tyrexmainwindow.obj
d:\projects\tyrexcad\tyrexcad.dir\debug\mocs_compilation_debug.obj
d:\projects\tyrexcad\tyrexcad.dir\debug\toolbarmanager.obj
d:\projects\tyrexcad\tyrexcad.dir\debug\tyrexsnapmanager.obj
d:\projects\tyrexcad\tyrexcad.dir\debug\tyrexsketchmanager.obj
d:\projects\tyrexcad\tyrexcad.dir\debug\tyrexsketchlineentity.obj
d:\projects\tyrexcad\tyrexcad.dir\debug\tyrexsketchlinecommand.obj
d:\projects\tyrexcad\tyrexcad.dir\debug\tyrexsketchinteractionhandler.obj
d:\projects\tyrexcad\tyrexcad.dir\debug\tyrexsketchentity.obj
d:\projects\tyrexcad\tyrexcad.dir\debug\tyrexsketchconfig.obj
d:\projects\tyrexcad\tyrexcad.dir\debug\tyrexsketchcircleentity.obj
d:\projects\tyrexcad\tyrexcad.dir\debug\tyrexsketchcirclecommand.obj
d:\projects\tyrexcad\tyrexcad.dir\debug\tyrexsketch.obj
d:\projects\tyrexcad\tyrexcad.dir\debug\tyrexviewermanager.obj
d:\projects\tyrexcad\tyrexcad.dir\debug\tyrexunifiedgridsystem.obj
d:\projects\tyrexcad\tyrexcad.dir\debug\tyrexrenderingmanager.obj
d:\projects\tyrexcad\tyrexcad.dir\debug\tyrexgridoverlayrenderer.obj
d:\projects\tyrexcad\tyrexcad.dir\debug\tyrexlayermanager.obj
d:\projects\tyrexcad\tyrexcad.dir\debug\tyrexlayer.obj
d:\projects\tyrexcad\tyrexcad.dir\debug\tyrextypebasedfilter.obj
d:\projects\tyrexcad\tyrexcad.dir\debug\tyrexselectionobject.obj
d:\projects\tyrexcad\tyrexcad.dir\debug\tyrexselectionmanager.obj
d:\projects\tyrexcad\tyrexcad.dir\debug\main.obj
d:\projects\tyrexcad\tyrexcad.dir\debug\uuid.obj
d:\projects\tyrexcad\tyrexcad.dir\debug\mathutils.obj
d:\projects\tyrexcad\tyrexcad.dir\debug\logger.obj
d:\projects\tyrexcad\tyrexcad.dir\debug\tyrexactionbar.obj
d:\projects\tyrexcad\tyrexcad.dir\debug\src\tyrexcommands\tyrexcommand.cpp.obj
d:\projects\tyrexcad\tyrexcad.dir\debug\src\tyrexcore\tyrexcommand.cpp.obj
d:\projects\tyrexcad\cmakefiles\generate.stamp
d:\projects\tyrexcad\debug\tyrexcad.pdb
d:\projects\tyrexcad\tyrexcad.dir\debug\tyrexcad.tlog\cl.command.1.tlog
d:\projects\tyrexcad\tyrexcad.dir\debug\tyrexcad.tlog\cl.read.1.tlog
d:\projects\tyrexcad\tyrexcad.dir\debug\tyrexcad.tlog\cl.write.1.tlog
d:\projects\tyrexcad\tyrexcad.dir\debug\tyrexcad.tlog\custombuild.command.1.tlog
d:\projects\tyrexcad\tyrexcad.dir\debug\tyrexcad.tlog\custombuild.read.1.tlog
d:\projects\tyrexcad\tyrexcad.dir\debug\tyrexcad.tlog\custombuild.write.1.tlog
d:\projects\tyrexcad\tyrexcad.dir\debug\tyrexcad.tlog\link-cvtres.read.1.tlog
d:\projects\tyrexcad\tyrexcad.dir\debug\tyrexcad.tlog\link-cvtres.write.1.tlog
d:\projects\tyrexcad\tyrexcad.dir\debug\tyrexcad.tlog\link-rc.read.1.tlog
d:\projects\tyrexcad\tyrexcad.dir\debug\tyrexcad.tlog\link-rc.write.1.tlog
d:\projects\tyrexcad\tyrexcad.dir\debug\tyrexcad.tlog\link.command.1.tlog
d:\projects\tyrexcad\tyrexcad.dir\debug\tyrexcad.tlog\link.read.1.tlog
d:\projects\tyrexcad\tyrexcad.dir\debug\tyrexcad.tlog\link.read.2.tlog
d:\projects\tyrexcad\tyrexcad.dir\debug\tyrexcad.tlog\link.write.1.tlog
